<?xml version="1.0" encoding="UTF-8"?>
<robot generator="Robot 6.0.2 (Python 3.9.12 on win32)" generated="20230320 18:48:06.550" rpa="false" schemaversion="3">
<suite id="s1" name="V Handling Slider" source="E:\auto_frameworks\way2auto\way2automation_python_repo\Robot_Framework\a_Basics_Robot_Framework\v_handling_slider.robot">
<test id="s1-t1" name="Handling Sliders" line="10">
<kw name="launching url" library="registration_form">
<arg>https://jqueryui.com/resources/demos/slider/default.html</arg>
<arg>chrome</arg>
<kw name="Open Browser" library="SeleniumLibrary">
<arg>${url}</arg>
<arg>${browserName}</arg>
<doc>Opens a new browser instance to the optional ``url``.</doc>
<msg timestamp="20230320 18:48:06.675" level="INFO">Opening browser 'chrome' to base url 'https://jqueryui.com/resources/demos/slider/default.html'.</msg>
<status status="PASS" starttime="20230320 18:48:06.675" endtime="20230320 18:48:09.321"/>
</kw>
<kw name="Set Selenium Implicit Wait" library="SeleniumLibrary">
<arg>10 seconds</arg>
<doc>Sets the implicit wait value used by Selenium.</doc>
<status status="PASS" starttime="20230320 18:48:09.322" endtime="20230320 18:48:09.322"/>
</kw>
<kw name="Maximize Browser Window" library="SeleniumLibrary">
<doc>Maximizes current browser window.</doc>
<status status="PASS" starttime="20230320 18:48:09.322" endtime="20230320 18:48:09.435"/>
</kw>
<kw name="Log Title" library="SeleniumLibrary">
<doc>Logs and returns the title of the current page.</doc>
<msg timestamp="20230320 18:48:09.445" level="INFO">jQuery UI Slider - Default functionality</msg>
<status status="PASS" starttime="20230320 18:48:09.435" endtime="20230320 18:48:09.445"/>
</kw>
<status status="PASS" starttime="20230320 18:48:06.675" endtime="20230320 18:48:09.445"/>
</kw>
<kw name="Wait Until Element Is Visible" library="SeleniumLibrary">
<arg>//span[@class='ui-slider-handle ui-corner-all ui-state-default']</arg>
<doc>Waits until the element ``locator`` is visible.</doc>
<status status="PASS" starttime="20230320 18:48:09.446" endtime="20230320 18:48:09.460"/>
</kw>
<kw name="Drag And Drop By Offset" library="SeleniumLibrary">
<arg>//span[@class='ui-slider-handle ui-corner-all ui-state-default']</arg>
<arg>200</arg>
<arg>0</arg>
<doc>Drags the element identified with ``locator`` by ``xoffset/yoffset``.</doc>
<status status="PASS" starttime="20230320 18:48:09.461" endtime="20230320 18:48:10.028"/>
</kw>
<kw name="Sleep" library="BuiltIn">
<arg>1</arg>
<doc>Pauses the test executed for the given time.</doc>
<msg timestamp="20230320 18:48:11.041" level="INFO">Slept 1 second</msg>
<status status="PASS" starttime="20230320 18:48:10.029" endtime="20230320 18:48:11.041"/>
</kw>
<kw name="Close Browser" library="SeleniumLibrary">
<doc>Closes the current browser.</doc>
<status status="PASS" starttime="20230320 18:48:11.041" endtime="20230320 18:48:13.129"/>
</kw>
<status status="PASS" starttime="20230320 18:48:06.674" endtime="20230320 18:48:13.131"/>
</test>
<test id="s1-t2" name="Handling Sliders By Length" line="17">
<kw name="launching url" library="registration_form">
<arg>https://jqueryui.com/resources/demos/slider/default.html</arg>
<arg>chrome</arg>
<kw name="Open Browser" library="SeleniumLibrary">
<arg>${url}</arg>
<arg>${browserName}</arg>
<doc>Opens a new browser instance to the optional ``url``.</doc>
<msg timestamp="20230320 18:48:13.138" level="INFO">Opening browser 'chrome' to base url 'https://jqueryui.com/resources/demos/slider/default.html'.</msg>
<status status="PASS" starttime="20230320 18:48:13.137" endtime="20230320 18:48:15.764"/>
</kw>
<kw name="Set Selenium Implicit Wait" library="SeleniumLibrary">
<arg>10 seconds</arg>
<doc>Sets the implicit wait value used by Selenium.</doc>
<status status="PASS" starttime="20230320 18:48:15.764" endtime="20230320 18:48:15.765"/>
</kw>
<kw name="Maximize Browser Window" library="SeleniumLibrary">
<doc>Maximizes current browser window.</doc>
<status status="PASS" starttime="20230320 18:48:15.765" endtime="20230320 18:48:15.890"/>
</kw>
<kw name="Log Title" library="SeleniumLibrary">
<doc>Logs and returns the title of the current page.</doc>
<msg timestamp="20230320 18:48:15.899" level="INFO">jQuery UI Slider - Default functionality</msg>
<status status="PASS" starttime="20230320 18:48:15.891" endtime="20230320 18:48:15.899"/>
</kw>
<status status="PASS" starttime="20230320 18:48:13.135" endtime="20230320 18:48:15.900"/>
</kw>
<kw name="Wait Until Element Is Visible" library="SeleniumLibrary">
<arg>//span[@class='ui-slider-handle ui-corner-all ui-state-default']</arg>
<doc>Waits until the element ``locator`` is visible.</doc>
<status status="PASS" starttime="20230320 18:48:15.901" endtime="20230320 18:48:15.914"/>
</kw>
<kw name="Get Element Size" library="SeleniumLibrary">
<var>@{slide_bar_size}</var>
<arg>//div[@id='slider']</arg>
<doc>Returns width and height of the element identified by ``locator``.</doc>
<msg timestamp="20230320 18:48:15.926" level="INFO">@{slide_bar_size} = [ 913 | 15 ]</msg>
<status status="PASS" starttime="20230320 18:48:15.914" endtime="20230320 18:48:15.926"/>
</kw>
<kw name="Log To Console" library="BuiltIn">
<arg>${slide_bar_size}[0]</arg>
<doc>Logs the given message to the console.</doc>
<status status="PASS" starttime="20230320 18:48:15.926" endtime="20230320 18:48:15.927"/>
</kw>
<kw name="Drag And Drop By Offset" library="SeleniumLibrary">
<arg>//span[@class='ui-slider-handle ui-corner-all ui-state-default']</arg>
<arg>${${${slide_bar_size}[0] - 1}/2}</arg>
<arg>0</arg>
<doc>Drags the element identified with ``locator`` by ``xoffset/yoffset``.</doc>
<status status="PASS" starttime="20230320 18:48:15.927" endtime="20230320 18:48:16.494"/>
</kw>
<kw name="Sleep" library="BuiltIn">
<arg>1</arg>
<doc>Pauses the test executed for the given time.</doc>
<msg timestamp="20230320 18:48:17.499" level="INFO">Slept 1 second</msg>
<status status="PASS" starttime="20230320 18:48:16.495" endtime="20230320 18:48:17.499"/>
</kw>
<kw name="Close Browser" library="SeleniumLibrary">
<doc>Closes the current browser.</doc>
<status status="PASS" starttime="20230320 18:48:17.499" endtime="20230320 18:48:19.599"/>
</kw>
<status status="PASS" starttime="20230320 18:48:13.134" endtime="20230320 18:48:19.600"/>
</test>
<status status="PASS" starttime="20230320 18:48:06.552" endtime="20230320 18:48:19.604"/>
</suite>
<statistics>
<total>
<stat pass="2" fail="0" skip="0">All Tests</stat>
</total>
<tag>
</tag>
<suite>
<stat pass="2" fail="0" skip="0" id="s1" name="V Handling Slider">V Handling Slider</stat>
</suite>
</statistics>
<errors>
</errors>
</robot>
